1600447805812:start
1600447846314:рудз
1600447847968:help
1600448945796:start
1600449040920:1
1600449048486:eqit
1600449050639:exit
1601120714234:help
1601120768044:start
1601120771159:1
1601120774988:start
1602090402358:help
1602090437278:exit
1602090449866:help
1602091694975:start
1602091778295:n
1602093307782:start
1602093341200:next
1602093352195:make
1602093355008:a
1602093657455:help
1602093683174:start
1602093688844:next
1602093697498:a
1602093701884:next
1602093705795:a
1602093877451:start
1602093881047:next
1602094004932:start
1602094006909:next
1602094013272:a
1602094019945:next
1602094024744:1
1602094027222:a
1602094033352:commit
1602094078599:start
1602094082109:next
1602094083808:a
1602094089608:prev
1602094107762:next
1602094195669:start
1602094197963:prev
1602094200865:next
1602094218719:prev
1602094222503:next
1602094227207:prev
1602094250576:next
1602094283977:prev
1602094325219:next
1602094543564:prev
1602094548147:next
1602094570292:prev
1602094573249:pre
1602094574612:prev
1602094576563:next
1602094825686:start
1602094827818:n
1602094831682:p
1602094954348:start
1602094956849:n
1602094958655:p
1602095340726:start
1602095343220:n
1602095347613:a
1602095349931:n
1602095352373:a
1602095354130:n
1602095357599:p
1602095580586:start
1602095582824:n
1602095587069:p
1602097931155:з
1602097933075:p
1602097998651:start
1602097999901:n
1602098002427:p
1602098006357:n
1602098009149:p
1602098013584:n
1602098015932:p
1602098018440:n
1602098056311:p
1602098094922:n
1602098103869:p
1602098179002:n
1602098432706:start
1602098434445:n
1602098439813:p
1602098455960:a
1602098458717:n
1602098460300:p
1602098566393:start
1602098569365:n
1602098571251:a
1602098574221:n
1602098576302:p
1602098671550:staty
1602098673665:start
1602098675081:a
1602098683966:n
1602098700459:start
1602098702005:n
1602098704518:a
1602098716972:n
1602098719775:p
1602098724855:n
1602098855910:start
1602098857774:n
1602098859604:a
1602098862937:n
1602098889595:start
1602098891059:n
1602098892970:a
1602098894675:n
1602098896981:p
1602098901251:n
1602099214650:start
1602099217635:p
1602099218996:n
1602099222494:next
1602099223303:p
1602099257912:a
1602099259399:p
1602099261598:n
1602099263848:next
1602099265121:p
1602099267096:a
1602099270862:p
1602099273385:next
1602099273803:a
1602099276410:next
1602099277177:a
1602099279437:p
1602099281252:next
1602099282734:p
1602099284905:a
1602099286676:p
1602099287953:next
1602099289658:p
1602099291959:next
1602099299234:p
1602099525822:start
1602099527604:p
1602099529598:n
1602099532629:next
1602099533635:p
1602099539565:a
1602099542560:next
1602099543342:p
1602099545730:next
1602099550700:p
1602099554082:next
1602099554848:p
1602099558755:prev
1602099560079:p
1602099561631:pre
1602099562920:prev
1602099563397:p
1602099564639:prev
1602099565254:p
1602099566265:prev
1602099567010:p
1602099568956:prev
1602099569754:p
1602099622327:next
1602099623465:p
1602099628434:next
1602099632621:p
1602099637602:next
1602099638781:p
1602099856180:start
1602099858878:n
1602099859607:p
1602099860817:n
1602099861686:p
1602099863733:next
1602099864504:p
1602100093099:start
1602100093801:p
1602100095494:next
1602100095959:p
1602100098102:next
1602100099160:p
1602100100432:next
1602100100939:p
1602100102117:next
1602100102791:p
1602100103922:next
1602100107109:p
1602100108714:prev
1602100109311:p
1602100114295:commit
